#
# There is insufficient memory for the Java Runtime Environment to continue.
# Native memory allocation (malloc) failed to allocate 918336 bytes for Chunk::new
# Possible reasons:
#   The system is out of physical RAM or swap space
#   The process is running with CompressedOops enabled, and the Java Heap may be blocking the growth of the native heap
# Possible solutions:
#   Reduce memory load on the system
#   Increase physical memory or swap space
#   Check if swap backing store is full
#   Decrease Java heap size (-Xmx/-Xms)
#   Decrease number of Java threads
#   Decrease Java thread stack sizes (-Xss)
#   Set larger code cache with -XX:ReservedCodeCacheSize=
#   JVM is running with Unscaled Compressed Oops mode in which the Java heap is
#     placed in the first 4GB address space. The Java Heap base address is the
#     maximum limit for the native heap growth. Please use -XX:HeapBaseMinAddress
#     to set the Java Heap base and to place the Java Heap above 4GB virtual address.
# This output file may be truncated or incomplete.
#
#  Out of Memory Error (allocation.cpp:389), pid=16908, tid=0x000000000000232c
#
# JRE version: OpenJDK Runtime Environment (8.0) (build 1.8.0-25-microsoft-b00)
# Java VM: OpenJDK 64-Bit Server VM (25.71-b00 mixed mode windows-amd64 compressed oops)
# Failed to write core dump. Minidumps are not enabled by default on client versions of Windows
#

---------------  T H R E A D  ---------------

Current thread (0x00000000171f5800):  JavaThread "C2 CompilerThread0" daemon [_thread_in_native, id=9004, stack(0x0000000017af0000,0x0000000017bf0000)]

Stack: [0x0000000017af0000,0x0000000017bf0000]
[error occurred during error reporting (printing stack bounds), id 0xc0000005]

Native frames: (J=compiled Java code, j=interpreted, Vv=VM code, C=native code)


Current CompileTask:
C2:   3296 2322       4       com.android.dx.ssa.DeadCodeRemover::run (194 bytes)


---------------  P R O C E S S  ---------------

Java Threads: ( => current thread )
  0x000000001757c800 JavaThread "pool-2-thread-1" [_thread_blocked, id=12916, stack(0x00000000189f0000,0x0000000018af0000)]
  0x000000001757a800 JavaThread "pool-1-thread-1" [_thread_blocked, id=13480, stack(0x00000000188f0000,0x00000000189f0000)]
  0x0000000017248000 JavaThread "Service Thread" daemon [_thread_blocked, id=9732, stack(0x0000000017ef0000,0x0000000017ff0000)]
  0x000000001720a000 JavaThread "C1 CompilerThread3" daemon [_thread_blocked, id=17080, stack(0x0000000017df0000,0x0000000017ef0000)]
  0x00000000171fa800 JavaThread "C2 CompilerThread2" daemon [_thread_in_native, id=17016, stack(0x0000000017cf0000,0x0000000017df0000)]
  0x00000000171f7800 JavaThread "C2 CompilerThread1" daemon [_thread_in_native, id=11292, stack(0x0000000017bf0000,0x0000000017cf0000)]
=>0x00000000171f5800 JavaThread "C2 CompilerThread0" daemon [_thread_in_native, id=9004, stack(0x0000000017af0000,0x0000000017bf0000)]
  0x00000000171f4800 JavaThread "Attach Listener" daemon [_thread_blocked, id=14304, stack(0x00000000179f0000,0x0000000017af0000)]
  0x00000000171f1000 JavaThread "Signal Dispatcher" daemon [_thread_blocked, id=15456, stack(0x00000000178f0000,0x00000000179f0000)]
  0x00000000171e0800 JavaThread "Finalizer" daemon [_thread_blocked, id=2144, stack(0x00000000176c0000,0x00000000177c0000)]
  0x00000000153cb800 JavaThread "Reference Handler" daemon [_thread_blocked, id=16088, stack(0x00000000175c0000,0x00000000176c0000)]
  0x000000000262e000 JavaThread "main" [_thread_in_Java, id=7296, stack(0x0000000002670000,0x0000000002770000)]

Other Threads:
  0x00000000153c9800 VMThread [stack: 0x00000000170c0000,0x00000000171c0000] [id=15216]
  0x0000000017249000 WatcherThread [stack: 0x0000000017ff0000,0x00000000180f0000] [id=13324]

VM state:not at safepoint (normal execution)

VM Mutex/Monitor currently owned by a thread: None

heap address: 0x00000000c0000000, size: 1024 MB, Compressed Oops mode: 32-bit
Narrow klass base: 0x0000000000000000, Narrow klass shift: 3
Compressed class space size: 1073741824 Address: 0x0000000100000000

Heap:
 PSYoungGen      total 158720K, used 83544K [0x00000000eab00000, 0x00000000fe100000, 0x0000000100000000)
  eden space 133120K, 43% used [0x00000000eab00000,0x00000000ee3a1258,0x00000000f2d00000)
  from space 25600K, 99% used [0x00000000fc800000,0x00000000fe0f5010,0x00000000fe100000)
  to   space 5120K, 0% used [0x00000000f2d00000,0x00000000f2d00000,0x00000000f3200000)
 ParOldGen       total 87552K, used 47031K [0x00000000c0000000, 0x00000000c5580000, 0x00000000eab00000)
  object space 87552K, 53% used [0x00000000c0000000,0x00000000c2dedd20,0x00000000c5580000)
 Metaspace       used 6664K, capacity 7350K, committed 7552K, reserved 1056768K
  class space    used 610K, capacity 622K, committed 640K, reserved 1048576K

Card table byte_map: [0x0000000011c50000,0x0000000011e60000] byte_map_base: 0x0000000011650000

Marking Bits: (ParMarkBitMap*) 0x0000000072e88f30
 Begin Bits: [0x00000000127c0000, 0x00000000137c0000)
 End Bits:   [0x00000000137c0000, 0x00000000147c0000)

Polling page: 0x0000000002610000

CodeCache: size=245760Kb used=9503Kb max_used=9512Kb free=236257Kb
 bounds [0x0000000002890000, 0x00000000031f0000, 0x0000000011890000]
 total_blobs=2557 nmethods=2282 adapters=189
 compilation: enabled

Compilation events (10 events):
Event: 3.259 Thread 0x00000000171f7800 nmethod 2334% 0x00000000031dfc10 code [0x00000000031dfe60, 0x00000000031e1258]
Event: 3.260 Thread 0x00000000171f7800 2330 %     4       com.android.dx.ssa.DomFront::calcDomFronts @ 10 (154 bytes)
Event: 3.284 Thread 0x00000000171f7800 nmethod 2330% 0x00000000031e2f90 code [0x00000000031e3120, 0x00000000031e3a38]
Event: 3.284 Thread 0x00000000171f7800 2277       4       java.util.ArrayList::clear (39 bytes)
Event: 3.285 Thread 0x000000001720a000 2362       2       com.android.dx.rop.code.SwitchInsn::accept (8 bytes)
Event: 3.285 Thread 0x000000001720a000 nmethod 2362 0x00000000031cdb10 code [0x00000000031cdc80, 0x00000000031cde08]
Event: 3.286 Thread 0x00000000171f7800 nmethod 2277 0x00000000031dcc50 code [0x00000000031dcd80, 0x00000000031dce78]
Event: 3.286 Thread 0x00000000171f7800 2336 %     4       com.android.dx.ssa.SsaConverter::edgeSplitMoveExceptionsAndResults @ 12 (157 bytes)
Event: 3.290 Thread 0x000000001720a000 2363   !   2       java.util.concurrent.ConcurrentHashMap$TreeBin::find (191 bytes)
Event: 3.291 Thread 0x000000001720a000 nmethod 2363 0x00000000031dc410 code [0x00000000031dc5c0, 0x00000000031dc9f8]

GC Heap History (10 events):
Event: 0.943 GC heap before
{Heap before GC invocations=2 (full 0):
 PSYoungGen      total 38400K, used 38385K [0x00000000eab00000, 0x00000000ef600000, 0x0000000100000000)
  eden space 33280K, 100% used [0x00000000eab00000,0x00000000ecb80000,0x00000000ecb80000)
  from space 5120K, 99% used [0x00000000ecb80000,0x00000000ed07c5c8,0x00000000ed080000)
  to   space 5120K, 0% used [0x00000000ef100000,0x00000000ef100000,0x00000000ef600000)
 ParOldGen       total 87552K, used 3173K [0x00000000c0000000, 0x00000000c5580000, 0x00000000eab00000)
  object space 87552K, 3% used [0x00000000c0000000,0x00000000c0319760,0x00000000c5580000)
 Metaspace       used 6164K, capacity 7088K, committed 7296K, reserved 1056768K
  class space    used 575K, capacity 616K, committed 640K, reserved 1048576K
Event: 0.961 GC heap after
Heap after GC invocations=2 (full 0):
 PSYoungGen      total 71680K, used 5089K [0x00000000eab00000, 0x00000000ef600000, 0x0000000100000000)
  eden space 66560K, 0% used [0x00000000eab00000,0x00000000eab00000,0x00000000eec00000)
  from space 5120K, 99% used [0x00000000ef100000,0x00000000ef5f8748,0x00000000ef600000)
  to   space 5120K, 0% used [0x00000000eec00000,0x00000000eec00000,0x00000000ef100000)
 ParOldGen       total 87552K, used 7951K [0x00000000c0000000, 0x00000000c5580000, 0x00000000eab00000)
  object space 87552K, 9% used [0x00000000c0000000,0x00000000c07c3ec0,0x00000000c5580000)
 Metaspace       used 6164K, capacity 7088K, committed 7296K, reserved 1056768K
  class space    used 575K, capacity 616K, committed 640K, reserved 1048576K
}
Event: 1.255 GC heap before
{Heap before GC invocations=3 (full 0):
 PSYoungGen      total 71680K, used 71649K [0x00000000eab00000, 0x00000000ef600000, 0x0000000100000000)
  eden space 66560K, 100% used [0x00000000eab00000,0x00000000eec00000,0x00000000eec00000)
  from space 5120K, 99% used [0x00000000ef100000,0x00000000ef5f8748,0x00000000ef600000)
  to   space 5120K, 0% used [0x00000000eec00000,0x00000000eec00000,0x00000000ef100000)
 ParOldGen       total 87552K, used 7951K [0x00000000c0000000, 0x00000000c5580000, 0x00000000eab00000)
  object space 87552K, 9% used [0x00000000c0000000,0x00000000c07c3ec0,0x00000000c5580000)
 Metaspace       used 6255K, capacity 7152K, committed 7296K, reserved 1056768K
  class space    used 575K, capacity 616K, committed 640K, reserved 1048576K
Event: 1.285 GC heap after
Heap after GC invocations=3 (full 0):
 PSYoungGen      total 71680K, used 5102K [0x00000000eab00000, 0x00000000f3700000, 0x0000000100000000)
  eden space 66560K, 0% used [0x00000000eab00000,0x00000000eab00000,0x00000000eec00000)
  from space 5120K, 99% used [0x00000000eec00000,0x00000000ef0fb8e8,0x00000000ef100000)
  to   space 5120K, 0% used [0x00000000f3200000,0x00000000f3200000,0x00000000f3700000)
 ParOldGen       total 87552K, used 17539K [0x00000000c0000000, 0x00000000c5580000, 0x00000000eab00000)
  object space 87552K, 20% used [0x00000000c0000000,0x00000000c1120ee0,0x00000000c5580000)
 Metaspace       used 6255K, capacity 7152K, committed 7296K, reserved 1056768K
  class space    used 575K, capacity 616K, committed 640K, reserved 1048576K
}
Event: 1.772 GC heap before
{Heap before GC invocations=4 (full 0):
 PSYoungGen      total 71680K, used 71662K [0x00000000eab00000, 0x00000000f3700000, 0x0000000100000000)
  eden space 66560K, 100% used [0x00000000eab00000,0x00000000eec00000,0x00000000eec00000)
  from space 5120K, 99% used [0x00000000eec00000,0x00000000ef0fb8e8,0x00000000ef100000)
  to   space 5120K, 0% used [0x00000000f3200000,0x00000000f3200000,0x00000000f3700000)
 ParOldGen       total 87552K, used 17539K [0x00000000c0000000, 0x00000000c5580000, 0x00000000eab00000)
  object space 87552K, 20% used [0x00000000c0000000,0x00000000c1120ee0,0x00000000c5580000)
 Metaspace       used 6471K, capacity 7280K, committed 7552K, reserved 1056768K
  class space    used 589K, capacity 616K, committed 640K, reserved 1048576K
Event: 1.800 GC heap after
Heap after GC invocations=4 (full 0):
 PSYoungGen      total 138240K, used 5104K [0x00000000eab00000, 0x00000000f3700000, 0x0000000100000000)
  eden space 133120K, 0% used [0x00000000eab00000,0x00000000eab00000,0x00000000f2d00000)
  from space 5120K, 99% used [0x00000000f3200000,0x00000000f36fc020,0x00000000f3700000)
  to   space 5120K, 0% used [0x00000000f2d00000,0x00000000f2d00000,0x00000000f3200000)
 ParOldGen       total 87552K, used 27262K [0x00000000c0000000, 0x00000000c5580000, 0x00000000eab00000)
  object space 87552K, 31% used [0x00000000c0000000,0x00000000c1a9f870,0x00000000c5580000)
 Metaspace       used 6471K, capacity 7280K, committed 7552K, reserved 1056768K
  class space    used 589K, capacity 616K, committed 640K, reserved 1048576K
}
Event: 2.417 GC heap before
{Heap before GC invocations=5 (full 0):
 PSYoungGen      total 138240K, used 138224K [0x00000000eab00000, 0x00000000f3700000, 0x0000000100000000)
  eden space 133120K, 100% used [0x00000000eab00000,0x00000000f2d00000,0x00000000f2d00000)
  from space 5120K, 99% used [0x00000000f3200000,0x00000000f36fc020,0x00000000f3700000)
  to   space 5120K, 0% used [0x00000000f2d00000,0x00000000f2d00000,0x00000000f3200000)
 ParOldGen       total 87552K, used 27262K [0x00000000c0000000, 0x00000000c5580000, 0x00000000eab00000)
  object space 87552K, 31% used [0x00000000c0000000,0x00000000c1a9f870,0x00000000c5580000)
 Metaspace       used 6536K, capacity 7344K, committed 7552K, reserved 1056768K
  class space    used 589K, capacity 616K, committed 640K, reserved 1048576K
Event: 2.466 GC heap after
Heap after GC invocations=5 (full 0):
 PSYoungGen      total 138240K, used 5088K [0x00000000eab00000, 0x00000000fe100000, 0x0000000100000000)
  eden space 133120K, 0% used [0x00000000eab00000,0x00000000eab00000,0x00000000f2d00000)
  from space 5120K, 99% used [0x00000000f2d00000,0x00000000f31f8030,0x00000000f3200000)
  to   space 25600K, 0% used [0x00000000fc800000,0x00000000fc800000,0x00000000fe100000)
 ParOldGen       total 87552K, used 47031K [0x00000000c0000000, 0x00000000c5580000, 0x00000000eab00000)
  object space 87552K, 53% used [0x00000000c0000000,0x00000000c2dedd20,0x00000000c5580000)
 Metaspace       used 6536K, capacity 7344K, committed 7552K, reserved 1056768K
  class space    used 589K, capacity 616K, committed 640K, reserved 1048576K
}
Event: 3.027 GC heap before
{Heap before GC invocations=6 (full 0):
 PSYoungGen      total 138240K, used 138208K [0x00000000eab00000, 0x00000000fe100000, 0x0000000100000000)
  eden space 133120K, 100% used [0x00000000eab00000,0x00000000f2d00000,0x00000000f2d00000)
  from space 5120K, 99% used [0x00000000f2d00000,0x00000000f31f8030,0x00000000f3200000)
  to   space 25600K, 0% used [0x00000000fc800000,0x00000000fc800000,0x00000000fe100000)
 ParOldGen       total 87552K, used 47031K [0x00000000c0000000, 0x00000000c5580000, 0x00000000eab00000)
  object space 87552K, 53% used [0x00000000c0000000,0x00000000c2dedd20,0x00000000c5580000)
 Metaspace       used 6655K, capacity 7350K, committed 7552K, reserved 1056768K
  class space    used 610K, capacity 622K, committed 640K, reserved 1048576K
Event: 3.077 GC heap after
Heap after GC invocations=6 (full 0):
 PSYoungGen      total 158720K, used 25556K [0x00000000eab00000, 0x00000000fe100000, 0x0000000100000000)
  eden space 133120K, 0% used [0x00000000eab00000,0x00000000eab00000,0x00000000f2d00000)
  from space 25600K, 99% used [0x00000000fc800000,0x00000000fe0f5010,0x00000000fe100000)
  to   space 5120K, 0% used [0x00000000f2d00000,0x00000000f2d00000,0x00000000f3200000)
 ParOldGen       total 87552K, used 47031K [0x00000000c0000000, 0x00000000c5580000, 0x00000000eab00000)
  object space 87552K, 53% used [0x00000000c0000000,0x00000000c2dedd20,0x00000000c5580000)
 Metaspace       used 6655K, capacity 7350K, committed 7552K, reserved 1056768K
  class space    used 610K, capacity 622K, committed 640K, reserved 1048576K
}

Deoptimization events (10 events):
Event: 2.130 Thread 0x000000001757a800 Uncommon trap: reason=unstable_if action=reinterpret pc=0x0000000003072704 method=java.util.concurrent.ConcurrentHashMap.get(Ljava/lang/Object;)Ljava/lang/Object; @ 86
Event: 2.489 Thread 0x000000000262e000 Uncommon trap: reason=class_check action=maybe_recompile pc=0x0000000003098eb8 method=java.util.HashMap.getNode(ILjava/lang/Object;)Ljava/util/HashMap$Node; @ 126
Event: 2.500 Thread 0x000000000262e000 Uncommon trap: reason=unstable_if action=reinterpret pc=0x00000000030ec5f8 method=java.util.concurrent.ConcurrentHashMap.putVal(Ljava/lang/Object;Ljava/lang/Object;Z)Ljava/lang/Object; @ 331
Event: 2.607 Thread 0x000000000262e000 Uncommon trap: reason=class_check action=maybe_recompile pc=0x0000000003110614 method=java.util.concurrent.ConcurrentHashMap.get(Ljava/lang/Object;)Ljava/lang/Object; @ 93
Event: 2.690 Thread 0x000000001757a800 Uncommon trap: reason=unstable_if action=reinterpret pc=0x000000000315a3e8 method=com.android.dx.rop.code.RegisterSpec.equals(ILcom/android/dx/rop/type/TypeBearer;Lcom/android/dx/rop/code/LocalItem;)Z @ 42
Event: 2.694 Thread 0x000000001757a800 Uncommon trap: reason=unstable_if action=reinterpret pc=0x000000000317bd04 method=com.android.dx.ssa.NormalSsaInsn.getLocalAssignment()Lcom/android/dx/rop/code/RegisterSpec; @ 12
Event: 2.713 Thread 0x000000000262e000 Uncommon trap: reason=class_check action=maybe_recompile pc=0x0000000003110614 method=java.util.concurrent.ConcurrentHashMap.get(Ljava/lang/Object;)Ljava/lang/Object; @ 93
Event: 2.713 Thread 0x000000000262e000 Uncommon trap: reason=unstable_if action=reinterpret pc=0x00000000030b7af0 method=java.util.concurrent.ConcurrentHashMap.get(Ljava/lang/Object;)Ljava/lang/Object; @ 86
Event: 2.855 Thread 0x000000001757a800 Uncommon trap: reason=bimorphic action=maybe_recompile pc=0x00000000031993d4 method=com.android.dx.ssa.LiteralOpUpgrader.tryReplacingWithConstant(Lcom/android/dx/ssa/NormalSsaInsn;)Z @ 62
Event: 2.858 Thread 0x000000001757a800 Uncommon trap: reason=bimorphic action=maybe_recompile pc=0x00000000031993d4 method=com.android.dx.ssa.LiteralOpUpgrader.tryReplacingWithConstant(Lcom/android/dx/ssa/NormalSsaInsn;)Z @ 62

Classes redefined (0 events):
No events

Internal exceptions (6 events):
Event: 0.036 Thread 0x000000000262e000 Exception <a 'java/lang/NoSuchMethodError': Method sun.misc.Unsafe.defineClass(Ljava/lang/String;[BII)Ljava/lang/Class; name or signature does not match> (0x00000000eab07cb0) thrown at [D:\j\worksp~1\openjd~3\jdk8u\hotspot\src\share\vm\prims\jni.cpp, line
Event: 0.036 Thread 0x000000000262e000 Exception <a 'java/lang/NoSuchMethodError': Method sun.misc.Unsafe.prefetchRead(Ljava/lang/Object;J)V name or signature does not match> (0x00000000eab07f98) thrown at [D:\j\worksp~1\openjd~3\jdk8u\hotspot\src\share\vm\prims\jni.cpp, line 4012]
Event: 1.547 Thread 0x000000000262e000 Implicit null exception at 0x0000000002c000a2 to 0x0000000002c00192
Event: 2.510 Thread 0x000000000262e000 Exception <a 'java/lang/ArrayIndexOutOfBoundsException': 18> (0x00000000eafdba40) thrown at [D:\j\worksp~1\openjd~3\jdk8u\hotspot\src\share\vm\interpreter\interpreterRuntime.cpp, line 368]
Event: 2.510 Thread 0x000000000262e000 Exception <a 'java/lang/ArrayIndexOutOfBoundsException': 145> (0x00000000eafdd5c0) thrown at [D:\j\worksp~1\openjd~3\jdk8u\hotspot\src\share\vm\interpreter\interpreterRuntime.cpp, line 368]
Event: 2.512 Thread 0x000000000262e000 Exception <a 'java/lang/ArrayIndexOutOfBoundsException'> (0x00000000eafde8a8) thrown at [D:\j\worksp~1\openjd~3\jdk8u\hotspot\src\share\vm\runtime\sharedRuntime.cpp, line 605]

Events (10 events):
Event: 3.210 Thread 0x000000001757a800 DEOPT PACKING pc=0x0000000002bc08f4 sp=0x00000000189ee850
Event: 3.210 Thread 0x000000001757a800 DEOPT UNPACKING pc=0x00000000028d71d0 sp=0x00000000189ee598 mode 0
Event: 3.222 Thread 0x000000001757a800 DEOPT PACKING pc=0x0000000002d42ada sp=0x00000000189ee810
Event: 3.222 Thread 0x000000001757a800 DEOPT UNPACKING pc=0x00000000028d71d0 sp=0x00000000189ee640 mode 0
Event: 3.244 Thread 0x000000000262e000 DEOPT PACKING pc=0x0000000002d42ada sp=0x000000000276e540
Event: 3.244 Thread 0x000000000262e000 DEOPT UNPACKING pc=0x00000000028d71d0 sp=0x000000000276e370 mode 0
Event: 3.259 Thread 0x000000001757a800 DEOPT PACKING pc=0x0000000002bc08f4 sp=0x00000000189ee900
Event: 3.259 Thread 0x000000001757a800 DEOPT UNPACKING pc=0x00000000028d71d0 sp=0x00000000189ee648 mode 0
Event: 3.260 Thread 0x000000000262e000 DEOPT PACKING pc=0x0000000002d42e92 sp=0x000000000276e540
Event: 3.260 Thread 0x000000000262e000 DEOPT UNPACKING pc=0x00000000028d71d0 sp=0x000000000276e370 mode 0


Dynamic libraries:
0x00007ff636b70000 - 0x00007ff636ba5000 	C:\Program Files\Android\Jdk\microsoft_dist_openjdk_1.8.0.25\bin\java.exe
0x00007ffe593a0000 - 0x00007ffe5958d000 	C:\Windows\SYSTEM32\ntdll.dll
0x00007ffe56c10000 - 0x00007ffe56cc3000 	C:\Windows\System32\KERNEL32.DLL
0x00007ffe56270000 - 0x00007ffe56503000 	C:\Windows\System32\KERNELBASE.dll
0x00007ffe59180000 - 0x00007ffe59223000 	C:\Windows\System32\ADVAPI32.dll
0x00007ffe56f50000 - 0x00007ffe56fee000 	C:\Windows\System32\msvcrt.dll
0x00007ffe592d0000 - 0x00007ffe5936e000 	C:\Windows\System32\sechost.dll
0x00007ffe58ff0000 - 0x00007ffe59112000 	C:\Windows\System32\RPCRT4.dll
0x00007ffe56970000 - 0x00007ffe56b07000 	C:\Windows\System32\USER32.dll
0x00007ffe554b0000 - 0x00007ffe554d0000 	C:\Windows\System32\win32u.dll
0x00007ffe59290000 - 0x00007ffe592b9000 	C:\Windows\System32\GDI32.dll
0x00007ffe554d0000 - 0x00007ffe55669000 	C:\Windows\System32\gdi32full.dll
0x00007ffe55900000 - 0x00007ffe559a0000 	C:\Windows\System32\msvcp_win.dll
0x00007ffe56110000 - 0x00007ffe5620a000 	C:\Windows\System32\ucrtbase.dll
0x00007ffe4a490000 - 0x00007ffe4a709000 	C:\Windows\WinSxS\amd64_microsoft.windows.common-controls_6595b64144ccf1df_6.0.17763.973_none_05b245900721eb81\COMCTL32.dll
0x00007ffe56640000 - 0x00007ffe5696c000 	C:\Windows\System32\combase.dll
0x00007ffe55880000 - 0x00007ffe558fe000 	C:\Windows\System32\bcryptPrimitives.dll
0x00007ffe56bc0000 - 0x00007ffe56bee000 	C:\Windows\System32\IMM32.DLL
0x0000000072f10000 - 0x0000000072fe1000 	C:\Program Files\Android\Jdk\microsoft_dist_openjdk_1.8.0.25\jre\bin\msvcr100.dll
0x00000000726c0000 - 0x0000000072f05000 	C:\Program Files\Android\Jdk\microsoft_dist_openjdk_1.8.0.25\jre\bin\server\jvm.dll
0x00007ffe592c0000 - 0x00007ffe592c8000 	C:\Windows\System32\PSAPI.DLL
0x00007ffe454a0000 - 0x00007ffe454a9000 	C:\Windows\SYSTEM32\WSOCK32.dll
0x00007ffe53f40000 - 0x00007ffe53f4a000 	C:\Windows\SYSTEM32\VERSION.dll
0x00007ffe52fe0000 - 0x00007ffe53004000 	C:\Windows\SYSTEM32\WINMM.dll
0x00007ffe58b00000 - 0x00007ffe58b6d000 	C:\Windows\System32\WS2_32.dll
0x00007ffe52fb0000 - 0x00007ffe52fdd000 	C:\Windows\SYSTEM32\winmmbase.dll
0x00007ffe55460000 - 0x00007ffe554aa000 	C:\Windows\System32\cfgmgr32.dll
0x00007ffe53e90000 - 0x00007ffe53e9f000 	C:\Program Files\Android\Jdk\microsoft_dist_openjdk_1.8.0.25\jre\bin\verify.dll
0x00007ffe4f8a0000 - 0x00007ffe4f8c9000 	C:\Program Files\Android\Jdk\microsoft_dist_openjdk_1.8.0.25\jre\bin\java.dll
0x00007ffe4f880000 - 0x00007ffe4f896000 	C:\Program Files\Android\Jdk\microsoft_dist_openjdk_1.8.0.25\jre\bin\zip.dll
0x00007ffe57230000 - 0x00007ffe58724000 	C:\Windows\System32\SHELL32.dll
0x00007ffe58a50000 - 0x00007ffe58af8000 	C:\Windows\System32\shcore.dll
0x00007ffe559c0000 - 0x00007ffe5610d000 	C:\Windows\System32\windows.storage.dll
0x00007ffe55390000 - 0x00007ffe553b4000 	C:\Windows\System32\profapi.dll
0x00007ffe55400000 - 0x00007ffe5545d000 	C:\Windows\System32\powrprof.dll
0x00007ffe59230000 - 0x00007ffe59282000 	C:\Windows\System32\shlwapi.dll
0x00007ffe553c0000 - 0x00007ffe553d1000 	C:\Windows\System32\kernel.appcore.dll
0x00007ffe559a0000 - 0x00007ffe559b7000 	C:\Windows\System32\cryptsp.dll

VM Arguments:
jvm_args: -Dfile.encoding=UTF8 -Xmx1G 
java_command: C:\Program Files (x86)\Android\android-sdk\build-tools\28.0.3\\lib\dx.jar --dex --no-strict --input-list=C:\Users\alexs\AppData\Local\Temp\tmpB925.tmp --output obj\Debug\90\android\bin
java_class_path (initial): C:\Program Files (x86)\Android\android-sdk\build-tools\28.0.3\\lib\dx.jar
Launcher Type: SUN_STANDARD

Environment Variables:
PATH=C:\Program Files\Android\Jdk\microsoft_dist_openjdk_1.8.0.25\bin;C:\ProgramData\Oracle\Java\javapath;C:\Windows\system32;C:\Windows;C:\Windows\System32\Wbem;C:\Windows\System32\WindowsPowerShell\v1.0\;C:\Windows\System32\OpenSSH\;C:\Program Files\nodejs\;C:\Program Files (x86)\NVIDIA Corporation\PhysX\Common;C:\Program Files\NVIDIA Corporation\NVIDIA NvDLISR;C:\Program Files\dotnet\;C:\Program Files\Microsoft SQL Server\130\Tools\Binn\;C:\Program Files\Microsoft SQL Server\Client SDK\ODBC\170\Tools\Binn\;C:\Program Files (x86)\Common Files\Propellerhead Software\ReWire\;C:\Program Files\Common Files\Propellerhead Software\ReWire\;C:\Users\alexs\AppData\Local\Microsoft\WindowsApps;C:\Users\alexs\AppData\Local\JetBrains\PyCharm Community Edition 2019.1.3\bin;C:\Users\alexs\AppData\Roaming\npm;C:\Users\alexs\AppData\Local\GitHubDesktop\bin;C:\Users\alexs\AppData\Local\Programs\Microsoft VS Code\bin;C:\Users\alexs\AppData\Local\Programs\Python\Python37-32;D:\Projects\Alex site reborn\Back-end\env\Scripts;C:\Users\alexs\AppData\Local\Programs\Python\Python37-32\Scripts\django-admin.py;
USERNAME=alexs
OS=Windows_NT
PROCESSOR_IDENTIFIER=AMD64 Family 21 Model 2 Stepping 0, AuthenticAMD



---------------  S Y S T E M  ---------------

OS: Windows 10.0 , 64 bit Build 17763 (10.0.17763.475)

CPU:total 8 (initial active 8) (8 cores per cpu, 1 threads per core) family 21 model 2 stepping 0, cmov, cx8, fxsr, mmx, sse, sse2, sse3, ssse3, sse4.1, sse4.2, popcnt, avx, aes, clmul, mmxext, 3dnowpref, lzcnt, sse4a, tsc, tscinvbit, tscinv, bmi1

Memory: 4k page, physical 8344292k(692112k free), swap 14225352k(4124k free)

vm_info: OpenJDK 64-Bit Server VM (25.71-b00) for windows-amd64 JRE (1.8.0-25-microsoft-b00), built on Feb  7 2019 20:09:14 by "builder" with MS VC++ 10.0 (VS2010)

time: Thu Jan 23 18:49:53 2020
timezone: Russia TZ 2 Standard Time
elapsed time: 3 seconds (0d 0h 0m 3s)

